Creating a new Next.js app in [32mC:\Users\krishna\OneDrive\Desktop\bak\hackathoncsmit\frontend[39m.

[1mUsing npm.[22m

Initializing project with template: app-tw 


Installing dependencies:
- [36mreact[39m
- [36mreact-dom[39m
- [36mnext[39m

Installing devDependencies:
- [36mtypescript[39m
- [36m@types/node[39m
- [36m@types/react[39m
- [36m@types/react-dom[39m
- [36mpostcss[39m
- [36mtailwindcss[39m
- [36meslint[39m
- [36meslint-config-next[39m

npm warn deprecated inflight@1.0.6: This module is not supported, and leaks memory. Do not use it. Check out lru-cache if you want a good and tested way to coalesce async requests by a key value, which is much more comprehensive and powerful.
npm warn deprecated @humanwhocodes/config-array@0.13.0: Use @eslint/config-array instead
npm warn deprecated glob@7.2.3: Old versions of glob are not supported, and contain widely publicized security vulnerabilities, which have been fixed in the current version. Please update. Support for old versions may be purchased (at exorbitant rates) by contacting i@izs.me
npm warn deprecated rimraf@3.0.2: Rimraf versions prior to v4 are no longer supported
npm warn deprecated @humanwhocodes/object-schema@2.0.3: Use @eslint/object-schema instead
npm warn deprecated glob@10.3.10: Old versions of glob are not supported, and contain widely publicized security vulnerabilities, which have been fixed in the current version. Please update. Support for old versions may be purchased (at exorbitant rates) by contacting i@izs.me
npm warn deprecated eslint@8.57.1: This version is no longer supported. Please see https://eslint.org/version-support for other options.
npm warn deprecated next@14.2.3: This version has a security vulnerability. Please upgrade to a patched version. See https://nextjs.org/blog/security-update-2025-12-11 for more details.

added 377 packages, and audited 378 packages in 3m

145 packages are looking for funding
  run `npm fund` for details

16 vulnerabilities (15 high, 1 critical)

To address issues that do not require attention, run:
  npm audit fix

To address all issues (including breaking changes), run:
  npm audit fix --force

Run `npm audit` for details.
[32mSuccess![39m Created frontend at C:\Users\krishna\OneDrive\Desktop\bak\hackathoncsmit\frontend

[33m[1mA new version of `create-next-app` is available![22m[39m
You can update by running: [36mnpm i -g create-next-app[39m

